<?xml version="1.0" encoding="UTF-8"?>
<!-- Generated by org.testng.reporters.JUnitXMLReporter -->
<testsuite ignored="0" hostname="DESKTOP-I6TESBI" failures="0" tests="6" name="Surefire test" time="0.075" errors="0" timestamp="11 Jan 2021 19:26:49 GMT">
  <testcase classname="Cucumber.Maven.ApiumTest" name="IOSApps on IOSApps(Cucumber.Maven.ApiumTest)" time="0.01"/>
  <testcase classname="Cucumber.Maven.ApiumTest" name="nativeAppAndroid on nativeAppAndroid(Cucumber.Maven.ApiumTest)" time="0.01"/>
  <testcase classname="Cucumber.Maven.RestApiTest" name="deleteTwitter on deleteTwitter(Cucumber.Maven.RestApiTest)" time="0.001"/>
  <testcase classname="Cucumber.Maven.RestApiTest" name="postJira on postJira(Cucumber.Maven.RestApiTest)" time="0.002"/>
  <testcase classname="Cucumber.Maven.SeleniumTest" name="elementsUI on elementsUI(Cucumber.Maven.SeleniumTest)" time="0.001"/>
  <testcase classname="Cucumber.Maven.SeleniumTest" name="BrowserAutomation on BrowserAutomation(Cucumber.Maven.SeleniumTest)" time="0.001"/>
</testsuite> <!-- Surefire test -->
