<?xml version="1.0" encoding="UTF-8"?>
<testng-results ignored="0" total="6" passed="6" failed="0" skipped="0">
  <reporter-output>
  </reporter-output>
  <suite started-at="2021-01-11T19:26:49Z" name="Surefire suite" finished-at="2021-01-11T19:26:49Z" duration-ms="75">
    <groups>
    </groups>
    <test started-at="2021-01-11T19:26:49Z" name="Surefire test" finished-at="2021-01-11T19:26:49Z" duration-ms="75">
      <class name="Cucumber.Maven.ApiumTest">
        <test-method signature="IOSApps()" started-at="2021-01-11T19:26:49Z" name="IOSApps" finished-at="2021-01-11T19:26:49Z" duration-ms="10" status="PASS">
          <reporter-output>
          </reporter-output>
        </test-method> <!-- IOSApps -->
        <test-method signature="nativeAppAndroid()" started-at="2021-01-11T19:26:49Z" name="nativeAppAndroid" finished-at="2021-01-11T19:26:49Z" duration-ms="10" status="PASS">
          <reporter-output>
          </reporter-output>
        </test-method> <!-- nativeAppAndroid -->
      </class> <!-- Cucumber.Maven.ApiumTest -->
      <class name="Cucumber.Maven.RestApiTest">
        <test-method signature="postJira()" started-at="2021-01-11T19:26:49Z" name="postJira" finished-at="2021-01-11T19:26:49Z" duration-ms="2" status="PASS">
          <reporter-output>
          </reporter-output>
        </test-method> <!-- postJira -->
        <test-method signature="deleteTwitter()" started-at="2021-01-11T19:26:49Z" name="deleteTwitter" finished-at="2021-01-11T19:26:49Z" duration-ms="1" status="PASS">
          <reporter-output>
          </reporter-output>
        </test-method> <!-- deleteTwitter -->
      </class> <!-- Cucumber.Maven.RestApiTest -->
      <class name="Cucumber.Maven.SeleniumTest">
        <test-method signature="elementsUI()" started-at="2021-01-11T19:26:49Z" name="elementsUI" finished-at="2021-01-11T19:26:49Z" duration-ms="1" status="PASS">
          <reporter-output>
          </reporter-output>
        </test-method> <!-- elementsUI -->
        <test-method signature="BrowserAutomation()" started-at="2021-01-11T19:26:49Z" name="BrowserAutomation" finished-at="2021-01-11T19:26:49Z" duration-ms="1" status="PASS">
          <reporter-output>
          </reporter-output>
        </test-method> <!-- BrowserAutomation -->
      </class> <!-- Cucumber.Maven.SeleniumTest -->
    </test> <!-- Surefire test -->
  </suite> <!-- Surefire suite -->
</testng-results>
